[06-Jun-2025 04:58:53] NOTICE: fpm is running, pid 3760
[06-Jun-2025 04:58:53] NOTICE: ready to handle connections
[06-Jun-2025 06:08:22] NOTICE: Terminating ...
[06-Jun-2025 06:08:22] NOTICE: Terminating ...
[06-Jun-2025 06:08:22] NOTICE: exiting, bye-bye!
[06-Jun-2025 06:08:31] NOTICE: fpm is running, pid 5566
[06-Jun-2025 06:08:31] NOTICE: ready to handle connections
[06-Jun-2025 19:07:48] ERROR: Another FPM instance seems to already listen on /Users/erriekapalanca/Library/Application Support/Local/run/4Ijg275qT/php/php-fpm.socket
[06-Jun-2025 19:07:48] ERROR: FPM initialization failed
[06-Jun-2025 19:07:48] ERROR: Another FPM instance seems to already listen on /Users/erriekapalanca/Library/Application Support/Local/run/4Ijg275qT/php/php-fpm.socket
[06-Jun-2025 19:07:48] ERROR: FPM initialization failed
[06-Jun-2025 19:07:49] ERROR: Another FPM instance seems to already listen on /Users/erriekapalanca/Library/Application Support/Local/run/4Ijg275qT/php/php-fpm.socket
[06-Jun-2025 19:07:49] ERROR: FPM initialization failed
[06-Jun-2025 19:07:49] ERROR: Another FPM instance seems to already listen on /Users/erriekapalanca/Library/Application Support/Local/run/4Ijg275qT/php/php-fpm.socket
[06-Jun-2025 19:07:49] ERROR: FPM initialization failed
[21-Jun-2025 19:45:33] ERROR: Another FPM instance seems to already listen on /Users/erriekapalanca/Library/Application Support/Local/run/4Ijg275qT/php/php-fpm.socket
[21-Jun-2025 19:45:33] ERROR: FPM initialization failed
[21-Jun-2025 19:45:34] ERROR: Another FPM instance seems to already listen on /Users/erriekapalanca/Library/Application Support/Local/run/4Ijg275qT/php/php-fpm.socket
[21-Jun-2025 19:45:34] ERROR: FPM initialization failed
[21-Jun-2025 19:45:34] ERROR: Another FPM instance seems to already listen on /Users/erriekapalanca/Library/Application Support/Local/run/4Ijg275qT/php/php-fpm.socket
[21-Jun-2025 19:45:34] ERROR: FPM initialization failed
[21-Jun-2025 19:45:35] ERROR: Another FPM instance seems to already listen on /Users/erriekapalanca/Library/Application Support/Local/run/4Ijg275qT/php/php-fpm.socket
[21-Jun-2025 19:45:35] ERROR: FPM initialization failed
